Analysis & Synthesis report for oac2-tfive
Thu Jul 18 11:57:18 2024
Quartus Prime Version 22.1std.0 Build 915 10/25/2022 SC Lite Edition


---------------------
; Table of Contents ;
---------------------
  1. Legal Notice
  2. Analysis & Synthesis Summary
  3. Analysis & Synthesis Settings
  4. Parallel Compilation
  5. Analysis & Synthesis Messages



----------------
; Legal Notice ;
----------------
Copyright (C) 2022  Intel Corporation. All rights reserved.
Your use of Intel Corporation's design tools, logic functions 
and other software and tools, and any partner logic 
functions, and any output files from any of the foregoing 
(including device programming or simulation files), and any 
associated documentation or information are expressly subject 
to the terms and conditions of the Intel Program License 
Subscription Agreement, the Intel Quartus Prime License Agreement,
the Intel FPGA IP License Agreement, or other applicable license
agreement, including, without limitation, that your use is for
the sole purpose of programming logic devices manufactured by
Intel and sold by Intel or its authorized distributors.  Please
refer to the applicable agreement for further details, at
https://fpgasoftware.intel.com/eula.



+------------------------------------------------------------------------------+
; Analysis & Synthesis Summary                                                 ;
+-----------------------------+------------------------------------------------+
; Analysis & Synthesis Status ; Failed - Thu Jul 18 11:57:18 2024              ;
; Quartus Prime Version       ; 22.1std.0 Build 915 10/25/2022 SC Lite Edition ;
; Revision Name               ; oac2-tfive                                     ;
; Top-level Entity Name       ; oac2-tfive                                     ;
; Family                      ; Cyclone V                                      ;
; Logic utilization (in ALMs) ; N/A until Partition Merge                      ;
; Total registers             ; N/A until Partition Merge                      ;
; Total pins                  ; N/A until Partition Merge                      ;
; Total virtual pins          ; N/A until Partition Merge                      ;
; Total block memory bits     ; N/A until Partition Merge                      ;
; Total PLLs                  ; N/A until Partition Merge                      ;
; Total DLLs                  ; N/A until Partition Merge                      ;
+-----------------------------+------------------------------------------------+


+---------------------------------------------------------------------------------------------------------------------------+
; Analysis & Synthesis Settings                                                                                             ;
+---------------------------------------------------------------------------------+--------------------+--------------------+
; Option                                                                          ; Setting            ; Default Value      ;
+---------------------------------------------------------------------------------+--------------------+--------------------+
; Device                                                                          ; 5CEBA4F23C7        ;                    ;
; Top-level entity name                                                           ; oac2-tfive         ; oac2-tfive         ;
; Family name                                                                     ; Cyclone V          ; Cyclone V          ;
; Use smart compilation                                                           ; Off                ; Off                ;
; Enable parallel Assembler and Timing Analyzer during compilation                ; On                 ; On                 ;
; Enable compact report table                                                     ; Off                ; Off                ;
; Restructure Multiplexers                                                        ; Auto               ; Auto               ;
; MLAB Add Timing Constraints For Mixed-Port Feed-Through Mode Setting Don't Care ; Off                ; Off                ;
; Create Debugging Nodes for IP Cores                                             ; Off                ; Off                ;
; Preserve fewer node names                                                       ; On                 ; On                 ;
; Intel FPGA IP Evaluation Mode                                                   ; Enable             ; Enable             ;
; Verilog Version                                                                 ; Verilog_2001       ; Verilog_2001       ;
; VHDL Version                                                                    ; VHDL_1993          ; VHDL_1993          ;
; State Machine Processing                                                        ; Auto               ; Auto               ;
; Safe State Machine                                                              ; Off                ; Off                ;
; Extract Verilog State Machines                                                  ; On                 ; On                 ;
; Extract VHDL State Machines                                                     ; On                 ; On                 ;
; Ignore Verilog initial constructs                                               ; Off                ; Off                ;
; Iteration limit for constant Verilog loops                                      ; 5000               ; 5000               ;
; Iteration limit for non-constant Verilog loops                                  ; 250                ; 250                ;
; Add Pass-Through Logic to Inferred RAMs                                         ; On                 ; On                 ;
; Infer RAMs from Raw Logic                                                       ; On                 ; On                 ;
; Parallel Synthesis                                                              ; On                 ; On                 ;
; DSP Block Balancing                                                             ; Auto               ; Auto               ;
; NOT Gate Push-Back                                                              ; On                 ; On                 ;
; Power-Up Don't Care                                                             ; On                 ; On                 ;
; Remove Redundant Logic Cells                                                    ; Off                ; Off                ;
; Remove Duplicate Registers                                                      ; On                 ; On                 ;
; Ignore CARRY Buffers                                                            ; Off                ; Off                ;
; Ignore CASCADE Buffers                                                          ; Off                ; Off                ;
; Ignore GLOBAL Buffers                                                           ; Off                ; Off                ;
; Ignore ROW GLOBAL Buffers                                                       ; Off                ; Off                ;
; Ignore LCELL Buffers                                                            ; Off                ; Off                ;
; Ignore SOFT Buffers                                                             ; On                 ; On                 ;
; Limit AHDL Integers to 32 Bits                                                  ; Off                ; Off                ;
; Optimization Technique                                                          ; Balanced           ; Balanced           ;
; Carry Chain Length                                                              ; 70                 ; 70                 ;
; Auto Carry Chains                                                               ; On                 ; On                 ;
; Auto Open-Drain Pins                                                            ; On                 ; On                 ;
; Perform WYSIWYG Primitive Resynthesis                                           ; Off                ; Off                ;
; Auto ROM Replacement                                                            ; On                 ; On                 ;
; Auto RAM Replacement                                                            ; On                 ; On                 ;
; Auto DSP Block Replacement                                                      ; On                 ; On                 ;
; Auto Shift Register Replacement                                                 ; Auto               ; Auto               ;
; Allow Shift Register Merging across Hierarchies                                 ; Auto               ; Auto               ;
; Auto Clock Enable Replacement                                                   ; On                 ; On                 ;
; Strict RAM Replacement                                                          ; Off                ; Off                ;
; Allow Synchronous Control Signals                                               ; On                 ; On                 ;
; Force Use of Synchronous Clear Signals                                          ; Off                ; Off                ;
; Auto Resource Sharing                                                           ; Off                ; Off                ;
; Allow Any RAM Size For Recognition                                              ; Off                ; Off                ;
; Allow Any ROM Size For Recognition                                              ; Off                ; Off                ;
; Allow Any Shift Register Size For Recognition                                   ; Off                ; Off                ;
; Use LogicLock Constraints during Resource Balancing                             ; On                 ; On                 ;
; Ignore translate_off and synthesis_off directives                               ; Off                ; Off                ;
; Timing-Driven Synthesis                                                         ; On                 ; On                 ;
; Report Parameter Settings                                                       ; On                 ; On                 ;
; Report Source Assignments                                                       ; On                 ; On                 ;
; Report Connectivity Checks                                                      ; On                 ; On                 ;
; Ignore Maximum Fan-Out Assignments                                              ; Off                ; Off                ;
; Synchronization Register Chain Length                                           ; 3                  ; 3                  ;
; Power Optimization During Synthesis                                             ; Normal compilation ; Normal compilation ;
; HDL message level                                                               ; Level2             ; Level2             ;
; Suppress Register Optimization Related Messages                                 ; Off                ; Off                ;
; Number of Removed Registers Reported in Synthesis Report                        ; 5000               ; 5000               ;
; Number of Swept Nodes Reported in Synthesis Report                              ; 5000               ; 5000               ;
; Number of Inverted Registers Reported in Synthesis Report                       ; 100                ; 100                ;
; Clock MUX Protection                                                            ; On                 ; On                 ;
; Auto Gated Clock Conversion                                                     ; Off                ; Off                ;
; Block Design Naming                                                             ; Auto               ; Auto               ;
; SDC constraint protection                                                       ; Off                ; Off                ;
; Synthesis Effort                                                                ; Auto               ; Auto               ;
; Shift Register Replacement - Allow Asynchronous Clear Signal                    ; On                 ; On                 ;
; Pre-Mapping Resynthesis Optimization                                            ; Off                ; Off                ;
; Analysis & Synthesis Message Level                                              ; Medium             ; Medium             ;
; Disable Register Merging Across Hierarchies                                     ; Auto               ; Auto               ;
; Resource Aware Inference For Block RAM                                          ; On                 ; On                 ;
; Automatic Parallel Synthesis                                                    ; On                 ; On                 ;
; Partial Reconfiguration Bitstream ID                                            ; Off                ; Off                ;
+---------------------------------------------------------------------------------+--------------------+--------------------+


+------------------------------------------+
; Parallel Compilation                     ;
+----------------------------+-------------+
; Processors                 ; Number      ;
+----------------------------+-------------+
; Number detected on machine ; 4           ;
; Maximum allowed            ; 2           ;
;                            ;             ;
; Average used               ; 1.00        ;
; Maximum used               ; 1           ;
;                            ;             ;
; Usage by Processor         ; % Time Used ;
;     Processor 1            ; 100.0%      ;
+----------------------------+-------------+


+-------------------------------+
; Analysis & Synthesis Messages ;
+-------------------------------+
Info: *******************************************************************
Info: Running Quartus Prime Analysis & Synthesis
    Info: Version 22.1std.0 Build 915 10/25/2022 SC Lite Edition
    Info: Processing started: Thu Jul 18 11:57:06 2024
Info: Command: quartus_map --read_settings_files=on --write_settings_files=off oac2-tfive -c oac2-tfive
Warning (18236): Number of processors has not been specified which may cause overloading on shared machines.  Set the global assignment NUM_PARALLEL_PROCESSORS in your QSF to an appropriate value for best performance.
Info (20030): Parallel compilation is enabled and will use 2 of the 2 processors detected
Info (12021): Found 2 design units, including 1 entities, in source file tb_if_id_ex.vhd
    Info (12022): Found design unit 1: fd_if_id_ex-fd_arch File: /home/miguelaguena/Documents/oac2-tfive/tb_if_id_ex.vhd Line: 17
    Info (12023): Found entity 1: fd_if_id_ex File: /home/miguelaguena/Documents/oac2-tfive/tb_if_id_ex.vhd Line: 10
Info (12021): Found 2 design units, including 1 entities, in source file entidade_estagio_ex.vhd
    Info (12022): Found design unit 1: estagio_ex-behavior_ex File: /home/miguelaguena/Documents/oac2-tfive/entidade_estagio_ex.vhd Line: 54
    Info (12023): Found entity 1: estagio_ex File: /home/miguelaguena/Documents/oac2-tfive/entidade_estagio_ex.vhd Line: 23
Info (12021): Found 2 design units, including 1 entities, in source file forward_unit.vhd
    Info (12022): Found design unit 1: forward_unit-behavior_forward_unit File: /home/miguelaguena/Documents/oac2-tfive/forward_unit.vhd Line: 33
    Info (12023): Found entity 1: forward_unit File: /home/miguelaguena/Documents/oac2-tfive/forward_unit.vhd Line: 9
Info (12021): Found 2 design units, including 1 entities, in source file entidade_estagio_id.vhd
    Info (12022): Found design unit 1: estagio_id-arch File: /home/miguelaguena/Documents/oac2-tfive/entidade_estagio_id.vhd Line: 68
    Info (12023): Found entity 1: estagio_id File: /home/miguelaguena/Documents/oac2-tfive/entidade_estagio_id.vhd Line: 36
Info (12021): Found 2 design units, including 1 entities, in source file entidade_estagio_if.vhd
    Info (12022): Found design unit 1: estagio_if-arch File: /home/miguelaguena/Documents/oac2-tfive/entidade_estagio_if.vhd Line: 54
    Info (12023): Found entity 1: estagio_if File: /home/miguelaguena/Documents/oac2-tfive/entidade_estagio_if.vhd Line: 33
Info (12021): Found 2 design units, including 1 entities, in source file tb_if.vhd
    Info (12022): Found design unit 1: tb_if-tb File: /home/miguelaguena/Documents/oac2-tfive/tb_if.vhd Line: 14
    Info (12023): Found entity 1: tb_if File: /home/miguelaguena/Documents/oac2-tfive/tb_if.vhd Line: 11
Info (12021): Found 2 design units, including 1 entities, in source file tb_if2_swap_original.vhd
    Info (12022): Found design unit 1: tb_if2-tb File: /home/miguelaguena/Documents/oac2-tfive/tb_if2_swap_original.vhd Line: 13
    Info (12023): Found entity 1: tb_if2 File: /home/miguelaguena/Documents/oac2-tfive/tb_if2_swap_original.vhd Line: 10
Info (12021): Found 2 design units, including 1 entities, in source file alu.vhd
    Info (12022): Found design unit 1: alu-alu_arch File: /home/miguelaguena/Documents/oac2-tfive/alu.vhd Line: 22
    Info (12023): Found entity 1: alu File: /home/miguelaguena/Documents/oac2-tfive/alu.vhd Line: 9
Info (12021): Found 2 design units, including 1 entities, in source file data_ram.vhd
    Info (12022): Found design unit 1: data_ram-data_ram_arch File: /home/miguelaguena/Documents/oac2-tfive/data_ram.vhd Line: 29
    Info (12023): Found entity 1: data_ram File: /home/miguelaguena/Documents/oac2-tfive/data_ram.vhd Line: 11
Info (12021): Found 1 design units, including 0 entities, in source file package_type.vhd
    Info (12022): Found design unit 1: tipos File: /home/miguelaguena/Documents/oac2-tfive/package_type.vhd Line: 6
Info (12021): Found 2 design units, including 1 entities, in source file ram.vhd
    Info (12022): Found design unit 1: ram-ram_arch File: /home/miguelaguena/Documents/oac2-tfive/ram.vhd Line: 29
    Info (12023): Found entity 1: ram File: /home/miguelaguena/Documents/oac2-tfive/ram.vhd Line: 11
Info (12021): Found 2 design units, including 1 entities, in source file regfile.vhd
    Info (12022): Found design unit 1: regfile-regfile_arch File: /home/miguelaguena/Documents/oac2-tfive/regfile.vhd Line: 24
    Info (12023): Found entity 1: regfile File: /home/miguelaguena/Documents/oac2-tfive/regfile.vhd Line: 8
Info (12021): Found 2 design units, including 1 entities, in source file tb_if_id.vhd
    Info (12022): Found design unit 1: tb_if_id_swap_halt-tb_if_id_arch2 File: /home/miguelaguena/Documents/oac2-tfive/tb_if_id.vhd Line: 17
    Info (12023): Found entity 1: tb_if_id_swap_halt File: /home/miguelaguena/Documents/oac2-tfive/tb_if_id.vhd Line: 10
Info (12021): Found 2 design units, including 1 entities, in source file hazard_detection.vhd
    Info (12022): Found design unit 1: hazard_detection-arch File: /home/miguelaguena/Documents/oac2-tfive/hazard_detection.vhd Line: 49
    Info (12023): Found entity 1: hazard_detection File: /home/miguelaguena/Documents/oac2-tfive/hazard_detection.vhd Line: 11
Error (10482): VHDL error at tb_if_id_ex.vhd(246): object "to_string" is used but not declared File: /home/miguelaguena/Documents/oac2-tfive/tb_if_id_ex.vhd Line: 246
Error: Quartus Prime Analysis & Synthesis was unsuccessful. 1 error, 1 warning
    Error: Peak virtual memory: 467 megabytes
    Error: Processing ended: Thu Jul 18 11:57:19 2024
    Error: Elapsed time: 00:00:13
    Error: Total CPU time (on all processors): 00:00:28


